Using pre-set license
Built from '2020.3/staging' branch; Version is '2020.3.0f1 (c7b5465681fb) revision 13088070'; Using compiler version '192528614'; Build Type 'Release'
OS: 'Windows 10 Education; OS build 19042.2965; Version 2009; 64bit' Language: 'en' Physical Memory: 16263 MB
BatchMode: 1, IsHumanControllingUs: 0, StartBugReporterOnCrash: 0, Is64bit: 1, IsPro: 0

 COMMAND LINE ARGUMENTS:
C:\Program Files\Unity\Editor\Unity.exe
-adb2
-batchMode
-noUpm
-name
AssetImportWorker0
-projectPath
C:/Users/sheehanj/Mission Demolition
-logFile
Logs/AssetImportWorker0.log
-srvPort
50077
Successfully changed project path to: C:/Users/sheehanj/Mission Demolition
C:/Users/sheehanj/Mission Demolition
Using Asset Import Pipeline V2.
Refreshing native plugins compatible for Editor in 43.65 ms, found 0 plugins.
Preloading 0 native plugins for Editor in 0.00 ms.
Initialize engine version: 2020.3.0f1 (c7b5465681fb)
[Subsystems] Discovering subsystems at path C:/Program Files/Unity/Editor/Data/Resources/UnitySubsystems
[Subsystems] Discovering subsystems at path C:/Users/sheehanj/Mission Demolition/Assets
GfxDevice: creating device client; threaded=0
Direct3D:
    Version:  Direct3D 11.0 [level 11.1]
    Renderer: Intel(R) HD Graphics 630 (ID=0x5912)
    Vendor:   
    VRAM:     8131 MB
    Driver:   26.20.100.7757
Initialize mono
Mono path[0] = 'C:/Program Files/Unity/Editor/Data/Managed'
Mono path[1] = 'C:/Program Files/Unity/Editor/Data/MonoBleedingEdge/lib/mono/unityjit'
Mono config path = 'C:/Program Files/Unity/Editor/Data/MonoBleedingEdge/etc'
Using monoOptions --debugger-agent=transport=dt_socket,embedding=1,server=y,suspend=n,address=127.0.0.1:56468
Begin MonoManager ReloadAssembly
Registering precompiled unity dll's ...
Register platform support module: C:/Program Files/Unity/Editor/Data/PlaybackEngines/WindowsStandaloneSupport/UnityEditor.WindowsStandalone.Extensions.dll
Registered in 0.002440 seconds.
Native extension for WindowsStandalone target not found
Refreshing native plugins compatible for Editor in 53.76 ms, found 0 plugins.
Preloading 0 native plugins for Editor in 0.00 ms.
Invoked RoslynAnalysisRunner static constructor.
RoslynAnalysisRunner will not be running.
RoslynAnalysisRunner has terminated.
Mono: successfully reloaded assembly
- Completed reload, in  2.411 seconds
Platform modules already initialized, skipping
Registering precompiled user dll's ...
Registered in 0.001605 seconds.
Begin MonoManager ReloadAssembly
Native extension for WindowsStandalone target not found
Refreshing native plugins compatible for Editor in 0.21 ms, found 0 plugins.
Preloading 0 native plugins for Editor in 0.00 ms.
Invoked RoslynAnalysisRunner static constructor.
RoslynAnalysisRunner will not be running.
RoslynAnalysisRunner has terminated.
Mono: successfully reloaded assembly
- Completed reload, in  1.038 seconds
Platform modules already initialized, skipping
========================================================================
Worker process is ready to serve import requests
Launched and connected shader compiler UnityShaderCompiler.exe after 0.10 seconds
Refreshing native plugins compatible for Editor in 0.20 ms, found 0 plugins.
Preloading 0 native plugins for Editor in 0.00 ms.
Unloading 1113 Unused Serialized files (Serialized files now loaded: 0)
System memory in use before: 57.0 MB.
System memory in use after: 57.0 MB.

Unloading 10 unused Assets to reduce memory usage. Loaded Objects now: 1555.
Total: 2.566900 ms (FindLiveObjects: 0.156800 ms CreateObjectMapping: 0.052500 ms MarkObjects: 2.271900 ms  DeleteObjects: 0.083200 ms)

========================================================================
Received Import Request.
  path: Assets/Mat_Groundl.mat
  artifactKey: Guid(230eca3c692e3104488c6790820e938d) Importer(815301076,1909f56bfc062723c751e8b465ee728b)
Start importing Assets/Mat_Groundl.mat using Guid(230eca3c692e3104488c6790820e938d) Importer(815301076,1909f56bfc062723c751e8b465ee728b)  -> (artifact id: 'cf54921b63c208abb81031f8d174d368') in 0.153443 seconds
  Import took 0.156437 seconds .

========================================================================
Received Import Request.
  Time since last request: 44.529715 seconds.
  path: Assets/Mat_Groundl.mat
  artifactKey: Guid(230eca3c692e3104488c6790820e938d) Importer(815301076,1909f56bfc062723c751e8b465ee728b)
Start importing Assets/Mat_Groundl.mat using Guid(230eca3c692e3104488c6790820e938d) Importer(815301076,1909f56bfc062723c751e8b465ee728b)  -> (artifact id: 'd9ac5d8611c6e5b4757cb1ac768b9bf2') in 0.048798 seconds
  Import took 0.052781 seconds .

========================================================================
Received Import Request.
  Time since last request: 380.700051 seconds.
  path: Assets/Mat_Slingshot.mat
  artifactKey: Guid(f287164b5097d234289f9505db630308) Importer(815301076,1909f56bfc062723c751e8b465ee728b)
Start importing Assets/Mat_Slingshot.mat using Guid(f287164b5097d234289f9505db630308) Importer(815301076,1909f56bfc062723c751e8b465ee728b)  -> (artifact id: '33510905e706b220b13164607125fed1') in 0.035870 seconds
  Import took 0.045009 seconds .

========================================================================
Received Import Request.
  Time since last request: 292.162607 seconds.
  path: Assets/Mat_Slingshot.mat
  artifactKey: Guid(f287164b5097d234289f9505db630308) Importer(815301076,1909f56bfc062723c751e8b465ee728b)
Start importing Assets/Mat_Slingshot.mat using Guid(f287164b5097d234289f9505db630308) Importer(815301076,1909f56bfc062723c751e8b465ee728b)  -> (artifact id: 'bb28eeda3eba492a312b191348997432') in 0.035847 seconds
  Import took 0.041539 seconds .

========================================================================
Received Prepare
Registering precompiled user dll's ...
Registered in 0.001023 seconds.
Begin MonoManager ReloadAssembly
Native extension for WindowsStandalone target not found
Refreshing native plugins compatible for Editor in 0.21 ms, found 0 plugins.
Preloading 0 native plugins for Editor in 0.00 ms.
Invoked RoslynAnalysisRunner static constructor.
RoslynAnalysisRunner will not be running.
RoslynAnalysisRunner has terminated.
Mono: successfully reloaded assembly
- Completed reload, in  1.501 seconds
Platform modules already initialized, skipping
Refreshing native plugins compatible for Editor in 0.24 ms, found 0 plugins.
Preloading 0 native plugins for Editor in 0.00 ms.
Unloading 1108 Unused Serialized files (Serialized files now loaded: 0)
System memory in use before: 60.3 MB.
System memory in use after: 60.3 MB.

Unloading 5 unused Assets to reduce memory usage. Loaded Objects now: 1598.
Total: 3.138300 ms (FindLiveObjects: 0.400400 ms CreateObjectMapping: 0.296400 ms MarkObjects: 2.388000 ms  DeleteObjects: 0.051500 ms)

========================================================================
Received Import Request.
  Time since last request: 230.339583 seconds.
  path: Assets/Mat_Projectile.mat
  artifactKey: Guid(d9e56757ba6d2904e9b467f1d9f24033) Importer(815301076,1909f56bfc062723c751e8b465ee728b)
Start importing Assets/Mat_Projectile.mat using Guid(d9e56757ba6d2904e9b467f1d9f24033) Importer(815301076,1909f56bfc062723c751e8b465ee728b)  -> (artifact id: '2ccfe1a08d99e74dc393ef2a6c050716') in 0.081681 seconds
  Import took 0.085648 seconds .

========================================================================
Received Import Request.
  Time since last request: 80.865551 seconds.
  path: Assets/Projectile.prefab
  artifactKey: Guid(748522967cba5d946b96bed6129bc8d6) Importer(815301076,1909f56bfc062723c751e8b465ee728b)
Start importing Assets/Projectile.prefab using Guid(748522967cba5d946b96bed6129bc8d6) Importer(815301076,1909f56bfc062723c751e8b465ee728b)  -> (artifact id: 'cac2a278707c53a068f1664c999afc7c') in 0.082587 seconds
  Import took 0.090862 seconds .

========================================================================
Received Import Request.
  Time since last request: 38.857530 seconds.
  path: Assets/Mat_Projectile.mat
  artifactKey: Guid(d9e56757ba6d2904e9b467f1d9f24033) Importer(815301076,1909f56bfc062723c751e8b465ee728b)
Start importing Assets/Mat_Projectile.mat using Guid(d9e56757ba6d2904e9b467f1d9f24033) Importer(815301076,1909f56bfc062723c751e8b465ee728b)  -> (artifact id: 'd862889674126eb65596bbb177744738') in 0.042953 seconds
  Import took 0.046344 seconds .

========================================================================
Received Import Request.
  Time since last request: 25.928311 seconds.
  path: Assets/Slingshot.cs
  artifactKey: Guid(c624dce56aff1b5428535576ba635fcb) Importer(815301076,1909f56bfc062723c751e8b465ee728b)
Start importing Assets/Slingshot.cs using Guid(c624dce56aff1b5428535576ba635fcb) Importer(815301076,1909f56bfc062723c751e8b465ee728b)  -> (artifact id: 'f3247829c3dc70047e03b70631789e8e') in 0.033345 seconds
  Import took 0.037775 seconds .

========================================================================
Received Prepare
Registering precompiled user dll's ...
Registered in 0.001016 seconds.
Begin MonoManager ReloadAssembly
Native extension for WindowsStandalone target not found
Refreshing native plugins compatible for Editor in 0.22 ms, found 0 plugins.
Preloading 0 native plugins for Editor in 0.00 ms.
Invoked RoslynAnalysisRunner static constructor.
RoslynAnalysisRunner will not be running.
RoslynAnalysisRunner has terminated.
Mono: successfully reloaded assembly
- Completed reload, in  1.443 seconds
Platform modules already initialized, skipping
Refreshing native plugins compatible for Editor in 0.22 ms, found 0 plugins.
Preloading 0 native plugins for Editor in 0.00 ms.
Unloading 1109 Unused Serialized files (Serialized files now loaded: 0)
System memory in use before: 60.4 MB.
System memory in use after: 60.4 MB.

Unloading 5 unused Assets to reduce memory usage. Loaded Objects now: 1604.
Total: 11.046800 ms (FindLiveObjects: 0.650800 ms CreateObjectMapping: 0.286400 ms MarkObjects: 10.051000 ms  DeleteObjects: 0.055300 ms)

========================================================================
Received Prepare
Registering precompiled user dll's ...
Registered in 0.002119 seconds.
Begin MonoManager ReloadAssembly
Native extension for WindowsStandalone target not found
Refreshing native plugins compatible for Editor in 0.22 ms, found 0 plugins.
Preloading 0 native plugins for Editor in 0.00 ms.
Invoked RoslynAnalysisRunner static constructor.
RoslynAnalysisRunner will not be running.
RoslynAnalysisRunner has terminated.
Mono: successfully reloaded assembly
- Completed reload, in  1.269 seconds
Platform modules already initialized, skipping
Refreshing native plugins compatible for Editor in 1.62 ms, found 0 plugins.
Preloading 0 native plugins for Editor in 0.00 ms.
Unloading 1109 Unused Serialized files (Serialized files now loaded: 0)
System memory in use before: 60.4 MB.
System memory in use after: 60.4 MB.

Unloading 5 unused Assets to reduce memory usage. Loaded Objects now: 1607.
Total: 1.696100 ms (FindLiveObjects: 0.131700 ms CreateObjectMapping: 0.033600 ms MarkObjects: 1.478200 ms  DeleteObjects: 0.050700 ms)

========================================================================
Received Prepare
Registering precompiled user dll's ...
Registered in 0.001016 seconds.
Begin MonoManager ReloadAssembly
Native extension for WindowsStandalone target not found
Refreshing native plugins compatible for Editor in 0.23 ms, found 0 plugins.
Preloading 0 native plugins for Editor in 0.00 ms.
Invoked RoslynAnalysisRunner static constructor.
RoslynAnalysisRunner will not be running.
RoslynAnalysisRunner has terminated.
Mono: successfully reloaded assembly
- Completed reload, in  1.156 seconds
Platform modules already initialized, skipping
Refreshing native plugins compatible for Editor in 0.22 ms, found 0 plugins.
Preloading 0 native plugins for Editor in 0.00 ms.
Unloading 1109 Unused Serialized files (Serialized files now loaded: 0)
System memory in use before: 60.4 MB.
System memory in use after: 60.5 MB.

Unloading 5 unused Assets to reduce memory usage. Loaded Objects now: 1610.
Total: 10.774300 ms (FindLiveObjects: 1.158200 ms CreateObjectMapping: 0.108900 ms MarkObjects: 8.430700 ms  DeleteObjects: 1.073100 ms)

========================================================================
Received Prepare
Registering precompiled user dll's ...
Registered in 0.020906 seconds.
Begin MonoManager ReloadAssembly
Native extension for WindowsStandalone target not found
Refreshing native plugins compatible for Editor in 0.35 ms, found 0 plugins.
Preloading 0 native plugins for Editor in 0.00 ms.
Invoked RoslynAnalysisRunner static constructor.
RoslynAnalysisRunner will not be running.
RoslynAnalysisRunner has terminated.
Mono: successfully reloaded assembly
- Completed reload, in  6.158 seconds
Platform modules already initialized, skipping
Refreshing native plugins compatible for Editor in 0.38 ms, found 0 plugins.
Preloading 0 native plugins for Editor in 0.00 ms.
Unloading 1109 Unused Serialized files (Serialized files now loaded: 0)
System memory in use before: 60.4 MB.
System memory in use after: 60.5 MB.

Unloading 5 unused Assets to reduce memory usage. Loaded Objects now: 1613.
Total: 39.370000 ms (FindLiveObjects: 0.682200 ms CreateObjectMapping: 8.162900 ms MarkObjects: 30.285800 ms  DeleteObjects: 0.235500 ms)

AssetImportWorkerClient::OnTransportError - code=2 error=End of file
