Using pre-set license
Built from '2020.3/staging' branch; Version is '2020.3.0f1 (c7b5465681fb) revision 13088070'; Using compiler version '192528614'; Build Type 'Release'
OS: 'Windows 10 Education; OS build 19042.2965; Version 2009; 64bit' Language: 'en' Physical Memory: 16263 MB
BatchMode: 1, IsHumanControllingUs: 0, StartBugReporterOnCrash: 0, Is64bit: 1, IsPro: 0

 COMMAND LINE ARGUMENTS:
C:\Program Files\Unity\Editor\Unity.exe
-adb2
-batchMode
-noUpm
-name
AssetImportWorker0
-projectPath
C:/Users/sheehanj/Documents/GitHub/Mission-Demolition-2024
-logFile
Logs/AssetImportWorker0.log
-srvPort
50731
Successfully changed project path to: C:/Users/sheehanj/Documents/GitHub/Mission-Demolition-2024
C:/Users/sheehanj/Documents/GitHub/Mission-Demolition-2024
Using Asset Import Pipeline V2.
Refreshing native plugins compatible for Editor in 37.55 ms, found 0 plugins.
Preloading 0 native plugins for Editor in 0.00 ms.
Initialize engine version: 2020.3.0f1 (c7b5465681fb)
[Subsystems] Discovering subsystems at path C:/Program Files/Unity/Editor/Data/Resources/UnitySubsystems
[Subsystems] Discovering subsystems at path C:/Users/sheehanj/Documents/GitHub/Mission-Demolition-2024/Assets
GfxDevice: creating device client; threaded=0
Direct3D:
    Version:  Direct3D 11.0 [level 11.1]
    Renderer: Intel(R) HD Graphics 630 (ID=0x5912)
    Vendor:   
    VRAM:     8131 MB
    Driver:   26.20.100.7757
Initialize mono
Mono path[0] = 'C:/Program Files/Unity/Editor/Data/Managed'
Mono path[1] = 'C:/Program Files/Unity/Editor/Data/MonoBleedingEdge/lib/mono/unityjit'
Mono config path = 'C:/Program Files/Unity/Editor/Data/MonoBleedingEdge/etc'
Using monoOptions --debugger-agent=transport=dt_socket,embedding=1,server=y,suspend=n,address=127.0.0.1:56420
Begin MonoManager ReloadAssembly
Registering precompiled unity dll's ...
Register platform support module: C:/Program Files/Unity/Editor/Data/PlaybackEngines/WindowsStandaloneSupport/UnityEditor.WindowsStandalone.Extensions.dll
Registered in 0.002364 seconds.
Native extension for WindowsStandalone target not found
Refreshing native plugins compatible for Editor in 39.36 ms, found 0 plugins.
Preloading 0 native plugins for Editor in 0.00 ms.
Invoked RoslynAnalysisRunner static constructor.
RoslynAnalysisRunner will not be running.
RoslynAnalysisRunner has terminated.
Mono: successfully reloaded assembly
- Completed reload, in  2.652 seconds
Platform modules already initialized, skipping
Registering precompiled user dll's ...
Registered in 0.002023 seconds.
Begin MonoManager ReloadAssembly
Native extension for WindowsStandalone target not found
Refreshing native plugins compatible for Editor in 0.22 ms, found 0 plugins.
Preloading 0 native plugins for Editor in 0.00 ms.
Invoked RoslynAnalysisRunner static constructor.
RoslynAnalysisRunner will not be running.
RoslynAnalysisRunner has terminated.
Mono: successfully reloaded assembly
- Completed reload, in  1.366 seconds
Platform modules already initialized, skipping
========================================================================
Worker process is ready to serve import requests
Launched and connected shader compiler UnityShaderCompiler.exe after 0.15 seconds
Refreshing native plugins compatible for Editor in 0.20 ms, found 0 plugins.
Preloading 0 native plugins for Editor in 0.00 ms.
Unloading 1114 Unused Serialized files (Serialized files now loaded: 0)
System memory in use before: 57.0 MB.
System memory in use after: 57.1 MB.

Unloading 10 unused Assets to reduce memory usage. Loaded Objects now: 1556.
Total: 5.856100 ms (FindLiveObjects: 0.227500 ms CreateObjectMapping: 0.085900 ms MarkObjects: 5.354000 ms  DeleteObjects: 0.183300 ms)

========================================================================
Received Import Request.
  path: Assets/Slingshot.cs
  artifactKey: Guid(c624dce56aff1b5428535576ba635fcb) Importer(815301076,1909f56bfc062723c751e8b465ee728b)
Start importing Assets/Slingshot.cs using Guid(c624dce56aff1b5428535576ba635fcb) Importer(815301076,1909f56bfc062723c751e8b465ee728b)  -> (artifact id: '3b94e062e54efa36fcd9c0d4fc63e616') in 0.101669 seconds
  Import took 0.106174 seconds .

========================================================================
Received Import Request.
  Time since last request: 0.000335 seconds.
  path: Assets/Mat_Slingshot.mat
  artifactKey: Guid(f287164b5097d234289f9505db630308) Importer(815301076,1909f56bfc062723c751e8b465ee728b)
Start importing Assets/Mat_Slingshot.mat using Guid(f287164b5097d234289f9505db630308) Importer(815301076,1909f56bfc062723c751e8b465ee728b)  -> (artifact id: 'e4de053066c946fab05f61b49f577ee4') in 0.177228 seconds
  Import took 0.182597 seconds .

========================================================================
Received Import Request.
  Time since last request: 0.000242 seconds.
  path: Assets/Mat_Groundl.mat
  artifactKey: Guid(230eca3c692e3104488c6790820e938d) Importer(815301076,1909f56bfc062723c751e8b465ee728b)
Start importing Assets/Mat_Groundl.mat using Guid(230eca3c692e3104488c6790820e938d) Importer(815301076,1909f56bfc062723c751e8b465ee728b)  -> (artifact id: 'a6c10d74344971a5a708f10a0d932f88') in 0.067600 seconds
  Import took 0.071150 seconds .

========================================================================
Received Import Request.
  Time since last request: 0.000475 seconds.
  path: Assets/Projectile.prefab
  artifactKey: Guid(748522967cba5d946b96bed6129bc8d6) Importer(815301076,1909f56bfc062723c751e8b465ee728b)
Start importing Assets/Projectile.prefab using Guid(748522967cba5d946b96bed6129bc8d6) Importer(815301076,1909f56bfc062723c751e8b465ee728b)  -> (artifact id: 'c9ef14072b4ffba6661f5020344fc1d7') in 0.060598 seconds
  Import took 0.071215 seconds .

========================================================================
Received Import Request.
  Time since last request: 0.000229 seconds.
  path: Assets/Mat_Projectile.mat
  artifactKey: Guid(d9e56757ba6d2904e9b467f1d9f24033) Importer(815301076,1909f56bfc062723c751e8b465ee728b)
Start importing Assets/Mat_Projectile.mat using Guid(d9e56757ba6d2904e9b467f1d9f24033) Importer(815301076,1909f56bfc062723c751e8b465ee728b)  -> (artifact id: '7eddca413574f29d59d6fcdfc775d0ae') in 0.032906 seconds
  Import took 0.035720 seconds .

========================================================================
Received Prepare
Registering precompiled user dll's ...
Registered in 0.003123 seconds.
Begin MonoManager ReloadAssembly
Native extension for WindowsStandalone target not found
Refreshing native plugins compatible for Editor in 0.44 ms, found 0 plugins.
Preloading 0 native plugins for Editor in 0.00 ms.
Invoked RoslynAnalysisRunner static constructor.
RoslynAnalysisRunner will not be running.
RoslynAnalysisRunner has terminated.
Mono: successfully reloaded assembly
- Completed reload, in  1.429 seconds
Platform modules already initialized, skipping
Refreshing native plugins compatible for Editor in 0.28 ms, found 0 plugins.
Preloading 0 native plugins for Editor in 0.00 ms.
Unloading 1108 Unused Serialized files (Serialized files now loaded: 0)
System memory in use before: 60.3 MB.
System memory in use after: 60.4 MB.

Unloading 6 unused Assets to reduce memory usage. Loaded Objects now: 1599.
Total: 4.827900 ms (FindLiveObjects: 0.364600 ms CreateObjectMapping: 0.100300 ms MarkObjects: 4.294200 ms  DeleteObjects: 0.065000 ms)

========================================================================
Received Prepare
Registering precompiled user dll's ...
Registered in 0.003046 seconds.
Begin MonoManager ReloadAssembly
Native extension for WindowsStandalone target not found
Refreshing native plugins compatible for Editor in 0.29 ms, found 0 plugins.
Preloading 0 native plugins for Editor in 0.00 ms.
Invoked RoslynAnalysisRunner static constructor.
RoslynAnalysisRunner will not be running.
RoslynAnalysisRunner has terminated.
Mono: successfully reloaded assembly
- Completed reload, in  1.237 seconds
Platform modules already initialized, skipping
Refreshing native plugins compatible for Editor in 0.54 ms, found 0 plugins.
Preloading 0 native plugins for Editor in 0.00 ms.
Unloading 1108 Unused Serialized files (Serialized files now loaded: 0)
System memory in use before: 60.3 MB.
System memory in use after: 60.4 MB.

Unloading 5 unused Assets to reduce memory usage. Loaded Objects now: 1602.
Total: 7.000600 ms (FindLiveObjects: 0.188900 ms CreateObjectMapping: 0.077500 ms MarkObjects: 6.660400 ms  DeleteObjects: 0.071000 ms)

========================================================================
Received Prepare
Registering precompiled user dll's ...
Registered in 0.000911 seconds.
Begin MonoManager ReloadAssembly
Native extension for WindowsStandalone target not found
Refreshing native plugins compatible for Editor in 0.22 ms, found 0 plugins.
Preloading 0 native plugins for Editor in 0.00 ms.
Invoked RoslynAnalysisRunner static constructor.
RoslynAnalysisRunner will not be running.
RoslynAnalysisRunner has terminated.
Mono: successfully reloaded assembly
- Completed reload, in  1.747 seconds
Platform modules already initialized, skipping
Refreshing native plugins compatible for Editor in 0.21 ms, found 0 plugins.
Preloading 0 native plugins for Editor in 0.00 ms.
Unloading 1109 Unused Serialized files (Serialized files now loaded: 0)
System memory in use before: 60.4 MB.
System memory in use after: 60.5 MB.

Unloading 5 unused Assets to reduce memory usage. Loaded Objects now: 1606.
Total: 3.048700 ms (FindLiveObjects: 0.304700 ms CreateObjectMapping: 0.095200 ms MarkObjects: 2.573300 ms  DeleteObjects: 0.072400 ms)

========================================================================
Received Import Request.
  Time since last request: 418.412171 seconds.
  path: Assets/Slingshot.cs
  artifactKey: Guid(c624dce56aff1b5428535576ba635fcb) Importer(815301076,1909f56bfc062723c751e8b465ee728b)
Start importing Assets/Slingshot.cs using Guid(c624dce56aff1b5428535576ba635fcb) Importer(815301076,1909f56bfc062723c751e8b465ee728b)  -> (artifact id: 'f3247829c3dc70047e03b70631789e8e') in 0.006676 seconds
  Import took 0.016029 seconds .

========================================================================
Received Prepare
Registering precompiled user dll's ...
Registered in 0.000969 seconds.
Begin MonoManager ReloadAssembly
Native extension for WindowsStandalone target not found
Refreshing native plugins compatible for Editor in 0.21 ms, found 0 plugins.
Preloading 0 native plugins for Editor in 0.00 ms.
Invoked RoslynAnalysisRunner static constructor.
RoslynAnalysisRunner will not be running.
RoslynAnalysisRunner has terminated.
Mono: successfully reloaded assembly
- Completed reload, in  1.111 seconds
Platform modules already initialized, skipping
Refreshing native plugins compatible for Editor in 0.21 ms, found 0 plugins.
Preloading 0 native plugins for Editor in 0.00 ms.
Unloading 1109 Unused Serialized files (Serialized files now loaded: 0)
System memory in use before: 60.4 MB.
System memory in use after: 60.5 MB.

Unloading 5 unused Assets to reduce memory usage. Loaded Objects now: 1609.
Total: 2.629900 ms (FindLiveObjects: 0.247400 ms CreateObjectMapping: 0.058900 ms MarkObjects: 2.258700 ms  DeleteObjects: 0.062700 ms)

AssetImportWorkerClient::OnTransportError - code=2 error=End of file
